-------------------------------------------------------------------------------
Test set: CalcTest
-------------------------------------------------------------------------------
Tests run: 1, Failures: 1, Errors: 0, Skipped: 0, Time elapsed: 0.001 s <<< FAILURE! - in CalcTest
add  Time elapsed: 0 s  <<< FAILURE!
org.opentest4j.AssertionFailedError: expected: <5> but was: <-1>
	at CalcTest.add(CalcTest.java:10)

